akipaDelivery/build/outputs/logs/manifest-merger-debug-report.txt
-- Merging decision tree log ---
manifest
ADDED from src\main\AndroidManifest.xml:1:1-45:12
	package
		ADDED from src\main\AndroidManifest.xml:2:5-38
		INJECTED from src\main\AndroidManifest.xml
		INJECTED from src\main\AndroidManifest.xml
	android:versionName
		ADDED from src\main\AndroidManifest.xml:4:5-30
		INJECTED from src\main\AndroidManifest.xml
		INJECTED from src\main\AndroidManifest.xml
	android:versionCode
		ADDED from src\main\AndroidManifest.xml:3:5-28
		INJECTED from src\main\AndroidManifest.xml
		INJECTED from src\main\AndroidManifest.xml
	xmlns:android
		ADDED from src\main\AndroidManifest.xml:1:11-69
uses-permission#android.permission.INTERNET
ADDED from src\main\AndroidManifest.xml:6:2-63
	android:name
		ADDED from src\main\AndroidManifest.xml:6:19-61
uses-permission#android.permission.WRITE_EXTERNAL_STORAGE
ADDED from src\main\AndroidManifest.xml:7:2-77
	android:name
		ADDED from src\main\AndroidManifest.xml:7:19-75
application
ADDED from src\main\AndroidManifest.xml:9:2-43:16
MERGED from [Akipa-Mobile:facebookSDK:unspecified] AndroidManifest.xml:24:5-20
MERGED from [com.android.support:support-v4:23.0.0] AndroidManifest.xml:22:5-20
MERGED from [com.android.support:support-v4:23.0.0] AndroidManifest.xml:22:5-20
	android:label
		ADDED from src\main\AndroidManifest.xml:12:3-35
	android:allowBackup
		ADDED from src\main\AndroidManifest.xml:10:3-29
	android:icon
		ADDED from src\main\AndroidManifest.xml:11:3-39
	android:theme
		ADDED from src\main\AndroidManifest.xml:13:3-34
activity#com.akipa.akipadelivery.SpashScreen
ADDED from src\main\AndroidManifest.xml:14:3-23:14
	android:theme
		ADDED from src\main\AndroidManifest.xml:16:4-57
	android:name
		ADDED from src\main\AndroidManifest.xml:15:4-30
intent-filter#android.intent.action.MAIN+android.intent.category.LAUNCHER
ADDED from src\main\AndroidManifest.xml:18:4-22:20
action#android.intent.action.MAIN
ADDED from src\main\AndroidManifest.xml:19:5-56
	android:name
		ADDED from src\main\AndroidManifest.xml:19:13-54
category#android.intent.category.LAUNCHER
ADDED from src\main\AndroidManifest.xml:21:5-64
	android:name
		ADDED from src\main\AndroidManifest.xml:21:15-62
activity#com.akipa.akipadelivery.MainActivity
ADDED from src\main\AndroidManifest.xml:24:3-27:14
	android:theme
		ADDED from src\main\AndroidManifest.xml:26:4-57
	android:name
		ADDED from src\main\AndroidManifest.xml:25:4-31
activity#com.akipa.akipadelivery.RegistrationActivity
ADDED from src\main\AndroidManifest.xml:28:3-31:14
	android:theme
		ADDED from src\main\AndroidManifest.xml:30:4-57
	android:name
		ADDED from src\main\AndroidManifest.xml:29:4-39
activity#com.akipa.akipadelivery.LoginActivity
ADDED from src\main\AndroidManifest.xml:32:3-33:14
	android:name
		ADDED from src\main\AndroidManifest.xml:32:13-41
activity#com.akipa.navigation.DashBoardActivity
ADDED from src\main\AndroidManifest.xml:34:3-42:14
	android:windowSoftInputMode
		ADDED from src\main\AndroidManifest.xml:36:4-45
	android:name
		ADDED from src\main\AndroidManifest.xml:35:4-57
uses-sdk
INJECTED from src\main\AndroidManifest.xml reason: use-sdk injection requested
MERGED from [Akipa-Mobile:facebookSDK:unspecified] AndroidManifest.xml:20:5-22:41
MERGED from [com.android.support:support-v4:23.0.0] AndroidManifest.xml:20:5-43
MERGED from [com.android.support:support-v4:23.0.0] AndroidManifest.xml:20:5-43
	android:targetSdkVersion
		INJECTED from src\main\AndroidManifest.xml
		INJECTED from src\main\AndroidManifest.xml
	android:minSdkVersion
		INJECTED from src\main\AndroidManifest.xml
		INJECTED from src\main\AndroidManifest.xml